[2025-11-07 22:31:17] Prompt: Torre Eiffel a escala, dimensiones exactas 80mm de ancho × 80mm de fondo × 95mm de alto. Incluye las 4 patas inclinadas con arcos arqueados en la base, 3 plataformas horizontales bien definidas (inferior, media y superior), celosía triangular característica en toda la estructura, y cúpula en la punta. Todo centrado en (0,0,0), con grosor mínimo de paredes 2mm, tolerancia para impresión FDM en PETG, y $fn=36 para curvas suaves. Usa diferencias y unions eficientes, y comenta cada sección principal (base, arcos, patas, plataformas, celosía, remate).
[2025-11-07 22:31:17] Iniciando generación (sin timeout)...
[2025-11-07 22:31:17] Iniciando Node.js...
[2025-11-07 22:33:15] Node.js finalizado. Código: 0
STDOUT:
// STRICT RULES:
// 1. SOLO CÓDIGO OPENSCAD (nada de texto, explicaciones ni markdown)
// 2. Centrado en (0,0,0)
// 3. Paredes mínimas 2mm
// 4. $fn=24 en curvas
// 5. Usa comentarios // para partes clave
// 6. Compatible con OpenSCAD 2021+

$fn = 24;

// Global Constants
total_width = 80; // Ancho total en la base
total_depth = 80; // Fondo total en la base
total_height = 95; // Altura total
wall_thickness = 2; // Grosor mínimo de las paredes
platform_thickness = 3; // Grosor de las plataformas
lattice_thickness = wall_thickness; // Grosor de las barras de celosía
base_leg_width = 8; // Ancho inicial de la sección cuadrada de una pata principal

// Z-heights for platforms and dome
z_base = 0;
z_p1 = 18; // Altura de la primera plataforma
z_p2 = 48; // Altura de la segunda plataforma
z_p3 = 72; // Altura de la tercera plataforma
z_dome_base = 80; // Altura donde comienza la cúpula
z_tip = total_height; // Punta superior de la torre

// Distancia desde el centro (0,0) hasta el centro de la sección transversal de una pata
// Estos valores definen la inclinación de las patas.
w_xy_leg_offset_base = (total_width - base_leg_width) / 2; 
w_xy_leg_offset_p1 = w_xy_leg_offset_base; // La primera plataforma tiene el mismo ancho base
w_xy_leg_offset_p2 = (total_width * 0.45 - base_leg_width * 0.5) / 2; // Aproximación para el estrechamiento
w_xy_leg_offset_p3 = (total_width * 0.18 - base_leg_width * 0.25) / 2; // Aproximación para el estrechamiento
w_xy_leg_offset_dome_base = (total_width * 0.08 - base_leg_width * 0.15) / 2; // Aproximación final

// Ancho real de la sección cuadrada de las patas en cada nivel (para el tapering)
leg_w_at_base = base_leg_width;
leg_w_at_p1 = base_leg_width;
leg_w_at_p2 = base_leg_width * 0.5;
leg_w_at_p3 = base_leg_width * 0.25;
leg_w_at_dome_base = base_leg_width * 0.2;

// Módulo para crear una viga (beam) entre dos puntos con sección cuadrada
module beam(p1, p2, width) {
    hull() {
        translate(p1) sphere(r = width / 2);
        translate(p2) sphere(r = width / 2);
    }
}

// Módulo para la celosía triangular en cada sección
module lattice_segment(z_start, w_start_offset, w_start_leg, z_end, w_end_offset, w_end_leg) {
    // Genera barras horizontales y diagonales para formar la celosía en cada una de las 4 caras de una sección.
    
    // Para cada una de las cuatro caras (rotadas alrededor del eje Z)
    for (angle = [0, 90, 180, 270]) {
        rotate([0, 0, angle]) {
            // La posición Y para las caras (centro de la viga de celosía en Y)
            face_y_pos_at_start = w_start_offset;
            face_y_pos_at_end = w_end_offset;
            
            // Barra horizontal inferior (en z_start)
            translate([0, face_y_pos_at_start, z_start]) {
                cube([2 * (w_start_offset - w_start_leg / 2 - lattice_thickness / 2), lattice_thickness, lattice_thickness], center = true);
            }
            
            // Barra horizontal superior (en z_end)
            translate([0, face_y_pos_at_end, z_end]) {
                cube([2 * (w_end_offset - w_end_leg / 2 - lattice_thickness / 2), lattice_thickness, lattice_thickness], center = true);
            }

            // Puntos para las vigas diagonales en la cara actual (+Y después de rotación)
            // BL_s: Bottom-Left (start height)
            // BR_s: Bottom-Right (start height)
            // TL_e: Top-Left (end height)
            // TR_e: Top-Right (end height)
            
            // Los puntos se ajustan para conectar los bordes interiores de las patas principales
            
            // Diagonal 1: De la esquina inferior izquierda a la superior derecha de la cara
            beam([-(w_start_offset - w_start_leg / 2), face_y_pos_at_start, z_start],
                 [+(w_end_offset - w_end_leg / 2), face_y_pos_at_end, z_end], lattice_thickness);
            
            // Diagonal 2: De la esquina inferior derecha a la superior izquierda de la cara
            beam([+(w_start_offset - w_start_leg / 2), face_y_pos_at_start, z_start],
                 [-(w_end_offset - w_end_leg / 2), face_y_pos_at_end, z_end], lattice_thickness);
        }
    }
}


// Definición de la Torre Eiffel
module eiffel_tower() {
    union() {
        // ////////////////////////////////////////////////////
        // Patas inclinadas (4 patas)
        // ////////////////////////////////////////////////////
        // Puntos que definen el centro de la sección transversal de cada pata en los diferentes niveles de la torre
        // (X, Y, Z)
        // Puntos de la base (Z=0)
        p_bl0 = [-w_xy_leg_offset_base, -w_xy_leg_offset_base, z_base]; // Bottom-Left
        p_br0 = [ w_xy_leg_offset_base, -w_xy_leg_offset_base, z_base]; // Bottom-Right
        p_tr0 = [ w_xy_leg_offset_base,  w_xy_leg_offset_base, z_base]; // Top-Right
        p_tl0 = [-w_xy_leg_offset_base,  w_xy_leg_offset_base, z_base]; // Top-Left

        // Puntos de la primera plataforma (z_p1)
        p_bl1 = [-w_xy_leg_offset_p1, -w_xy_leg_offset_p1, z_p1];
        p_br1 = [ w_xy_leg_offset_p1, -w_xy_leg_offset_p1, z_p1];
        p_tr1 = [ w_xy_leg_offset_p1,  w_xy_leg_offset_p1, z_p1];
        p_tl1 = [-w_xy_leg_offset_p1,  w_xy_leg_offset_p1, z_p1];

        // Puntos de la segunda plataforma (z_p2)
        p_bl2 = [-w_xy_leg_offset_p2, -w_xy_leg_offset_p2, z_p2];
        p_br2 = [ w_xy_leg_offset_p2, -w_xy_leg_offset_p2, z_p2];
        p_tr2 = [ w_xy_leg_offset_p2,  w_xy_leg_offset_p2, z_p2];
        p_tl2 = [-w_xy_leg_offset_p2,  w_xy_leg_offset_p2, z_p2];

        // Puntos de la tercera plataforma (z_p3)
        p_bl3 = [-w_xy_leg_offset_p3, -w_xy_leg_offset_p3, z_p3];
        p_br3 = [ w_xy_leg_offset_p3, -w_xy_leg_offset_p3, z_p3];
        p_tr3 = [ w_xy_leg_offset_p3,  w_xy_leg_offset_p3, z_p3];
        p_tl3 = [-w_xy_leg_offset_p3,  w_xy_leg_offset_p3, z_p3];

        // Puntos de la base de la cúpula (z_dome_base)
        p_bl_db = [-w_xy_leg_offset_dome_base, -w_xy_leg_offset_dome_base, z_dome_base];
        p_br_db = [ w_xy_leg_offset_dome_base, -w_xy_leg_offset_dome_base, z_dome_base];
        p_tr_db = [ w_xy_leg_offset_dome_base,  w_xy_leg_offset_dome_base, z_dome_base];
        p_tl_db = [-w_xy_leg_offset_dome_base,  w_xy_leg_offset_dome_base, z_dome_base];
        
        // Generación de las patas principales a través de vigas entre los puntos definidos
        beam(p_bl0, p_bl1, leg_w_at_base); beam(p_br0, p_br1, leg_w_at_base); beam(p_tr0, p_tr1, leg_w_at_base); beam(p_tl0, p_tl1, leg_w_at_base);
        beam(p_bl1, p_bl2, leg_w_at_p2); beam(p_br1, p_br2, leg_w_at_p2); beam(p_tr1, p_tr2, leg_w_at_p2); beam(p_tl1, p_tl2, leg_w_at_p2);
        beam(p_bl2, p_bl3, leg_w_at_p3); beam(p_br2, p_br3, leg_w_at_p3); beam(p_tr2, p_tr3, leg_w_at_p3); beam(p_tl2, p_tl3, leg_w_at_p3);
        beam(p_bl3, p_bl_db, leg_w_at_dome_base); beam(p_br3, p_br_db, leg_w_at_dome_base); beam(p_tr3, p_tr_db, leg_w_at_dome_base); beam(p_tl3, p_tl_db, leg_w_at_dome_base);

        // ////////////////////////////////////////////////////
        // Arcos arqueados en la base
        // ////////////////////////////////////////////////////
        // Estos arcos conectan las patas en la base.
        // Se construyen como una parte rectangular y una parte semicircular.
        arc_center_z = z_base + 10; // Altura aproximada del centro de la curva del arco
        arch_height_rect = arc_center_z - wall_thickness / 2; // Altura de la parte rectangular del arco

        for (i = [0, 90, 180, 270]) {
            rotate([0, 0, i]) {
                translate([0, w_xy_leg_offset_base - leg_w_at_base / 2 - wall_thickness / 2, z_base]) {
                    union() {
                        // Parte rectangular inferior del arco
                        cube([total_width - leg_w_at_base, wall_thickness, arch_height_rect], center = true);
                        // Parte semicircular superior del arco
                        translate([0, 0, arch_height_rect - wall_thickness / 2])
                            rotate([0, 90, 0]) cylinder(h = wall_thickness, r = (total_width - leg_w_at_base) / 2, center = true);
                    }
                }
            }
        }

        // ////////////////////////////////////////////////////
        // Plataformas horizontales
        // ////////////////////////////////////////////////////
        // Plataforma 1 (Base)
        translate([0, 0, z_p1 - platform_thickness / 2]) cube([total_width, total_depth, platform_thickness], center = true);
        // Plataforma 2 (Media)
        translate([0, 0, z_p2 - platform_thickness / 2]) cube([w_xy_leg_offset_p2 * 2 + leg_w_at_p2, w_xy_leg_offset_p2 * 2 + leg_w_at_p2, platform_thickness], center = true);
        // Plataforma 3 (Superior)
        translate([0, 0, z_p3 - platform_thickness / 2]) cube([w_xy_leg_offset_p3 * 2 + leg_w_at_p3, w_xy_leg_offset_p3 * 2 + leg_w_at_p3, platform_thickness], center = true);

        // ////////////////////////////////////////////////////
        // Celosía triangular característica
        // ////////////////////////////////////////////////////
        // Sección 1: entre la primera y segunda plataforma
        lattice_segment(z_p1, w_xy_leg_offset_p1, leg_w_at_p1, z_p2, w_xy_leg_offset_p2, leg_w_at_p2);
        // Sección 2: entre la segunda y tercera plataforma
        lattice_segment(z_p2, w_xy_leg_offset_p2, leg_w_at_p2, z_p3, w_xy_leg_offset_p3, leg_w_at_p3);
        // Sección 3: entre la tercera plataforma y la base de la cúpula
        lattice_segment(z_p3, w_xy_leg_offset_p3, leg_w_at_p3, z_dome_base, w_xy_leg_offset_dome_base, leg_w_at_dome_base);

        // ////////////////////////////////////////////////////
        // Cúpula en la punta (remate)
        // ////////////////////////////////////////////////////
        translate([0, 0, z_dome_base]) cylinder(h = z_tip - z_dome_base, r1 = w_xy_leg_offset_dome_base + leg_w_at_dome_base/2, r2 = 0, center = false);
    }
}

eiffel_tower();

[2025-11-07 22:33:15] Código guardado. Renderizando STL...
[2025-11-07 22:39:21] OpenSCAD finalizado. Código: 0
OpenSCAD STDERR:
Could not initialize localization.
Geometries in cache: 86
Geometry cache size in bytes: 2755408
CGAL Polyhedrons in cache: 23
CGAL cache size in bytes: 73905216
Total rendering time: 0:06:04.055
   Top level object is a 3D object:
   Simple:        yes
   Vertices:     9707
   Halfedges:   35424
   Edges:       17712
   Halffacets:  15858
   Facets:       7929
   Volumes:         2

[2025-11-07 22:39:21] ¡Éxito total!
