[2025-11-07 20:57:43] Prompt: Gancho pared 5kg
[2025-11-07 20:57:43] Iniciando generación (sin timeout)...
[2025-11-07 20:57:43] Iniciando Node.js...
[2025-11-07 20:59:10] Node.js finalizado. Código: 0
STDOUT:
// Global parameters for quality to ensure smooth curves for 3D printing.
$fn=24;

// Dimensions for the wall hook.
// These values are chosen to create a robust hook suitable for holding 5kg,
// while adhering to the minimum wall thickness rule.

// Back Plate dimensions (the part that mounts to the wall)
back_plate_width = 30; // mm (Width along the X-axis)
back_plate_height = 60; // mm (Height along the Z-axis)
back_plate_thickness = 4; // mm (Thickness along the Y-axis. Minimum 2mm rule -> using 4mm for strength)

// Hook Arm dimensions (the part that protrudes and holds items)
hook_arm_width = 26; // mm (Width of the arm, slightly less than back plate width for aesthetics)
hook_arm_thickness = 5; // mm (Thickness of the arm. Minimum 2mm rule -> using 5mm for strength)
hook_arm_straight_length = 35; // mm (Horizontal length of the straight part of the arm from the back plate)
hook_inner_radius = 15; // mm (Inner radius of the hook's curl)
hook_outer_radius = hook_inner_radius + hook_arm_thickness; // Calculated outer radius of the hook's curl
hook_arm_total_projection = hook_arm_straight_length + hook_outer_radius; // Total horizontal distance the hook projects from the wall

// Screw Hole parameters
screw_diameter = 4; // mm (Diameter for the screw body, suitable for M4 screws)
countersink_top_diameter = 8; // mm (Top diameter of the countersink cone)
countersink_depth = 4; // mm (Depth of the countersink cone)
screw_hole_offset_z = 20; // mm (Vertical distance from the center of the back plate to each screw hole)

// Fillet/Blend parameters
fillet_blend_radius = 8; // mm (Radius for the blending fillet where the arm joins the back plate)

// Main module for the entire wall hook structure.
// The back plate is centered on X and Z at (0,0,0), with the hook extending in the positive Y direction.
module wall_hook() {
    // Back Plate: The solid rectangular base for wall mounting.
    // It's centered on the X and Z axes. Its back face is at Y = -back_plate_thickness/2.
    // The front face is at Y = back_plate_thickness/2.
    difference() {
        cube([back_plate_width, back_plate_thickness, back_plate_height], center=true);

        // Screw Holes: Cut into the back plate for mounting.
        // Two holes are placed symmetrically above and below the center along the Z-axis.
        translate([0, 0, screw_hole_offset_z])
        screw_hole_with_countersink();
        translate([0, 0, -screw_hole_offset_z])
        screw_hole_with_countersink();
    }

    // Hook Arm Structure: This union defines the protruding part of the hook.
    // It is positioned to start from the front face of the back plate (Y = back_plate_thickness/2).
    translate([0, back_plate_thickness / 2, 0])
    union() {
        // Main arm block: The straight rectangular section extending from the back plate.
        // Centered on the X and Z axes relative to its own starting point (Y=0).
        cube([hook_arm_width, hook_arm_total_projection, hook_arm_thickness], center = [true, false, true]);

        // Rounded end of the arm tip: A sphere creates a smooth, non-sharp end for the hook.
        // Positioned at the very end of the main arm block.
        translate([0, hook_arm_total_projection, 0])
        sphere(r = hook_arm_thickness/2);

        // Reinforcement fillet at the base of the arm:
        // A 'hull' operation creates a smooth, strong transition between the arm and the back plate,
        // preventing sharp angles that could be weak points in FDM printing.
        hull() {
            // A cylinder defining the connection point at the very start of the arm.
            translate([0, 0, 0]) // At Y=0, Z=0 of the arm's local origin
            cylinder(h = hook_arm_thickness, d = hook_arm_width + 2*fillet_blend_radius, center = true);

            // A second cylinder positioned slightly into the back plate for the hull blend.
            translate([0, -back_plate_thickness/2, 0]) // Halfway into the back plate along Y
            cylinder(h = hook_arm_thickness, d = back_plate_width + 2*fillet_blend_radius, center = true);
        }

        // Scoop out the underside of the hook to create the upward curl:
        // This 'difference' operation forms the functional part of the hook.
        // The operation is positioned at the start of the arm's curved section.
        translate([0, hook_arm_straight_length, hook_arm_thickness/2 - hook_inner_radius])
        difference() {
            // Outer cylinder: Defines the overall size of the material to be removed for the curl.
            cylinder(r = hook_outer_radius, h = hook_arm_width + 0.1, center = true); // Height along X

            // Inner cylinder: Defines the inner boundary of the hook's curve.
            cylinder(r = hook_inner_radius, h = hook_arm_width + 0.1, center = true);

            // Cutter cube: This cube removes the top half of the subtracted volume,
            // ensuring the scoop only removes material from the bottom/inner part of the arm,
            // forming an upward-curling hook.
            translate([0, hook_outer_radius/2, 0]) // Position the cutter to remove the positive Y half of the cylinders
            cube([hook_outer_radius*2 + 1, hook_outer_radius + 1, hook_arm_width + 1], center = [true, false, true]);
        }
    }
}

// Module for a screw hole with countersink.
// This module creates a through-hole with a conical countersink at the front surface.
module screw_hole_with_countersink() {
    union() {
        // Main cylindrical hole: Passes completely through the back plate.
        cylinder(d=screw_diameter, h=back_plate_thickness + 1, center=true);

        // Conical countersink: Drills into the back plate from its front face (positive Y direction).
        translate([0, back_plate_thickness/2 - countersink_depth, 0])
        cylinder(d1=countersink_top_diameter, d2=screw_diameter, h=countersink_depth, center=false);
    }
}

// Render the entire wall hook model for 3D printing.
wall_hook();

[2025-11-07 20:59:10] Código guardado. Renderizando STL...
[2025-11-07 20:59:17] OpenSCAD finalizado. Código: 0
OpenSCAD STDERR:
Could not initialize localization.
Geometries in cache: 16
Geometry cache size in bytes: 123680
CGAL Polyhedrons in cache: 9
CGAL cache size in bytes: 4855376
Total rendering time: 0:00:07.099
   Top level object is a 3D object:
   Simple:         no
   Vertices:      685
   Halfedges:    2642
   Edges:        1321
   Halffacets:   1276
   Facets:        638
   Volumes:         2
WARNING: Object may not be a valid 2-manifold and may need repair!
EXPORT-WARNING: Exported object may not be a valid 2-manifold and may need repair

[2025-11-07 20:59:17] ¡Éxito total!
