[2025-11-07 23:52:14] Prompt: Cubo 10mm*10*10
[2025-11-07 23:52:14] Iniciando generación (sin timeout)...
[2025-11-07 23:52:14] Iniciando Node.js...
[2025-11-07 23:52:19] Node.js finalizado. Código: 0
STDOUT:
// Set resolution for curves (though not applicable to a perfect cube)
$fn = 24;

difference() {
    // Outer cube: 10x10x10mm, centered at (0,0,0)
    cube([10, 10, 10], center = true);

    // Inner cube: 6x6x6mm (10mm - 2*2mm wall thickness), centered at (0,0,0)
    // This creates 2mm minimum wall thickness on all sides
    cube([6, 6, 6], center = true);
}

[2025-11-07 23:52:19] Código guardado. Renderizando STL...
[2025-11-07 23:52:20] OpenSCAD finalizado. Código: 0
OpenSCAD STDERR:
Could not initialize localization.
Geometries in cache: 2
Geometry cache size in bytes: 1456
CGAL Polyhedrons in cache: 1
CGAL cache size in bytes: 27200
Total rendering time: 0:00:00.028
   Top level object is a 3D object:
   Simple:        yes
   Vertices:       16
   Halfedges:      48
   Edges:          24
   Halffacets:     24
   Facets:         12
   Volumes:         3

[2025-11-07 23:52:20] ¡Éxito total!
