[2025-11-08 02:29:28] Prompt: Generate detailed OpenSCAD code for a 3D printable model of the Eiffel Tower in Paris. Make it highly accurate with the iron lattice structure, four legs, three observation levels, arches, and the antenna on top. Scale the entire model to a maximum height of 170 mm (base width around 100-120 mm) to fit within a 180x180x180 mm build volume for a Bambu Lab A1 Mini printer. Optimize for 3D printing: use solid base for stability, minimize overhangs to reduce supports, and ensure it's manifold. Include comments in the code explaining key parts. Output only the complete OpenSCAD script.
[2025-11-08 02:29:28] Nombre del job: generate_detailed_openscad_code_for_a_3d_d9970f97
[2025-11-08 02:29:28] Iniciando generación (sin timeout)...
[2025-11-08 02:29:28] Iniciando Node.js...
[2025-11-08 02:30:38] Node.js finalizado. Código: 0
STDOUT:
```openscad
// Global parameters for the Eiffel Tower model
$fn = 24; // Resolution for curved surfaces

// Model dimensions and scaling
// Real Eiffel Tower dimensions (approximate for scaling reference)
REAL_HEIGHT = 330; // meters (total height including antenna)
REAL_BASE_SIDE = 125; // meters (side length of the base square)
REAL_FIRST_LEVEL_HEIGHT = 57; // meters (height to first observation deck)
REAL_SECOND_LEVEL_HEIGHT = 115; // meters (height to second observation deck)
REAL_THIRD_LEVEL_HEIGHT = 276; // meters (height to third observation deck / base of antenna)

// Real tower platform and leg widths (approximate, in meters)
REAL_1_LEVEL_OUTER_SIDE = 70; // Outer width of first platform structure
REAL_1_LEVEL_INNER_LEG_WIDTH = 30; // Inner width of legs at first level (where they meet the platform)
REAL_2_LEVEL_OUTER_SIDE = 40; // Outer width of second platform structure
REAL_2_LEVEL_INNER_LEG_WIDTH = 20; // Inner width of legs at second level
REAL_3_LEVEL_OUTER_SIDE = 18; // Outer width of third platform structure
REAL_3_LEVEL_INNER_LEG_WIDTH = 8; // Inner width of legs at third level (before antenna mast)

// Target model dimensions for FDM 3D printing
MODEL_MAX_HEIGHT = 170; // mm (maximum Z-height of the printed model)
MODEL_BASE_SIDE_TARGET = 110; // mm (target base width, within 100-120mm range)

// Calculate scaling factors for Z and X/Y independently
// This allows meeting both height and base width requirements, even if it slightly alters aspect ratio.
SCALE_Z = MODEL_MAX_HEIGHT / (REAL_HEIGHT * 1000); // Convert meters to mm for calculation
SCALE_XY = MODEL_BASE_SIDE_TARGET / (REAL_BASE_SIDE * 1000); // Convert meters to mm for calculation

// Wall thickness for printability and robustness
MIN_WALL_THICKNESS = 2; // mm (ensures features are printable on FDM)

// Additional thicknesses for specific parts
SOLID_BASE_HEIGHT = 5; // mm (height of the solid base at the very bottom)
PLATFORM_THICKNESS = MIN_WALL_THICKNESS * 1.5; // Thickness of observation deck platforms
LEG_THICKNESS = MIN_WALL_THICKNESS * 1.2; // Base thickness for the structural legs/beams
ARCH_THICKNESS = MIN_WALL_THICKNESS * 1.5; // Thickness of the arch structures

// Scaled dimensions in mm (calculated from real dimensions and scaling factors)
H_GND = 0; // Ground level, conceptual Z-start point
H_1 = REAL_FIRST_LEVEL_HEIGHT * 1000 * SCALE_Z;
H_2 = REAL_SECOND_LEVEL_HEIGHT * 1000 * SCALE_Z;
H_3 = REAL_THIRD_LEVEL_HEIGHT * 1000 * SCALE_Z;
H_ANT = REAL_HEIGHT * 1000 * SCALE_Z; // Top of antenna

BASE_SIDE_SCALED = REAL_BASE_SIDE * 1000 * SCALE_XY; // Should match MODEL_BASE_SIDE_TARGET
L1_OUTER_SIDE_SCALED = REAL_1_LEVEL_OUTER_SIDE * 1000 * SCALE_XY;
L1_INNER_LEG_WIDTH_SCALED = REAL_1_LEVEL_INNER_LEG_WIDTH * 1000 * SCALE_XY;
L2_OUTER_SIDE_SCALED = REAL_2_LEVEL_OUTER_SIDE * 1000 * SCALE_XY;
L2_INNER_LEG_WIDTH_SCALED = REAL_2_LEVEL_INNER_LEG_WIDTH * 1000 * SCALE_XY;
L3_OUTER_SIDE_SCALED = REAL_3_LEVEL_OUTER_SIDE * 1000 * SCALE_XY;
L3_INNER_LEG_WIDTH_SCALED = REAL_3_LEVEL_INNER_LEG_WIDTH * 1000 * SCALE_XY;

// Helper function to linearly interpolate a side length at a given Z height
function get_side_at_z(z_current, z_start_ref, s_start_ref, z_end_ref, s_end_ref) =
    s_start_ref + (s_end_ref - s_start_ref) * (z_current - z_start_ref) / (z_end_ref - z_start_ref);

// Main module for the Eiffel Tower
module eiffel_tower() {
    // All parts are built starting from Z=0 upwards.
    // The final union will be translated downwards to center the whole model on Z.
    union() {
        // --- 1. Solid Base for Stability ---
        // Creates a robust, solid base slightly larger than the tower's footprint.
        // This is crucial for FDM stability and adhesion.
        translate([0, 0, SOLID_BASE_HEIGHT / 2]) { // Center the base block on its Z-height
            cube([BASE_SIDE_SCALED + 10, BASE_SIDE_SCALED + 10, SOLID_BASE_HEIGHT], center = true);
        }

        // --- 2. Ground to First Level Structure ---
        // Includes the four main tapering legs and internal cross-bracing.
        lower_section_structure(
            H_GND + SOLID_BASE_HEIGHT, // Z-start for the structure, above the solid base
            H_1, // Z-end for this section
            BASE_SIDE_SCALED, // Width at the base
            L1_INNER_LEG_WIDTH_SCALED // Width at the top
        );
        // Large arches between the legs at ground level
        ground_level_arches(
            H_GND + SOLID_BASE_HEIGHT, // Z-start, above solid base
            H_1, // Z-end, up to first platform
            BASE_SIDE_SCALED,
            L1_INNER_LEG_WIDTH_SCALED
        );
        // First observation platform
        platform(H_1, L1_OUTER_SIDE_SCALED, PLATFORM_THICKNESS);

        // --- 3. First to Second Level Structure ---
        middle_section_structure(
            H_1 + PLATFORM_THICKNESS / 2, // Z-start, from top of first platform
            H_2, // Z-end for this section
            L1_INNER_LEG_WIDTH_SCALED, // Width at the base of this section
            L2_INNER_LEG_WIDTH_SCALED // Width at the top
        );
        // Arches connecting legs between 1st and 2nd level
        level_arches(
            H_1 + PLATFORM_THICKNESS / 2, // Z-start, from top of first platform
            H_2, // Z-end, up to second platform
            L1_INNER_LEG_WIDTH_SCALED,
            L2_INNER_LEG_WIDTH_SCALED,
            ARCH_THICKNESS * 0.8 // Slightly thinner arches
        );
        // Second observation platform
        platform(H_2, L2_OUTER_SIDE_SCALED, PLATFORM_THICKNESS);

        // --- 4. Second to Third Level Structure ---
        upper_section_structure(
            H_2 + PLATFORM_THICKNESS / 2, // Z-start, from top of second platform
            H_3, // Z-end for this section
            L2_INNER_LEG_WIDTH_SCALED, // Width at the base
            L3_INNER_LEG_WIDTH_SCALED // Width at the top
        );
        // Arches connecting legs between 2nd and 3rd level
        level_arches(
            H_2 + PLATFORM_THICKNESS / 2, // Z-start, from top of second platform
            H_3, // Z-end, up to third platform
            L2_INNER_LEG_WIDTH_SCALED,
            L3_INNER_LEG_WIDTH_SCALED,
            ARCH_THICKNESS * 0.6 // Even thinner arches
        );
        // Third observation platform
        platform(H_3, L3_OUTER_SIDE_SCALED, PLATFORM_THICKNESS);

        // --- 5. Antenna Section ---
        antenna_section(
            H_3 + PLATFORM_THICKNESS / 2, // Z-start, from top of third platform
            H_ANT, // Z-end, very top of the model
            L3_INNER_LEG_WIDTH_SCALED // Base width for the antenna structure
        );
    }
}

// Module for a generic observation platform
module platform(z_level, side_length, thickness) {
    translate([0, 0, z_level + thickness / 2]) { // Center platform on its Z level
        cube([side_length, side_length, thickness], center = true);
    }
}

// Module for the main tapering legs and internal lattice effect for a section
// This module creates four main corner pylons and then cross-beams between them
// to suggest the lattice structure, ensuring minimum wall thickness.
module section_legs_and_lattice(z_start, z_end, base_width_at_z_start, top_width_at_z_end, pylon_base_factor, pylon_top_factor, num_grid_segments) {
    // Calculate the actual side width for the main structure at start and end Z
    // This accounts for the legs tapering from the overall square footprint
    actual_base_side = base_width_at_z_start - LEG_THICKNESS * (1 - pylon_base_factor);
    actual_top_side = top_width_at_z_end - LEG_THICKNESS * (1 - pylon_top_factor);

    // Create the four main corner pylons (legs)
    // These pylons are created by hulling small cylinders along a defined path,
    // which allows for subtle curving as seen in the real tower.
    pylon_rad_bottom = LEG_THICKNESS / 2 * pylon_base_factor;
    pylon_rad_top = LEG_THICKNESS / 2 * pylon_top_factor;

    for (i = [0, 90, 180, 270]) { // Iterate for each of the four legs
        rotate([0, 0, i]) {
            hull() {
                // Define the start and end points for the hull
                translate([actual_base_side / 2, actual_base_side / 2, z_start]) {
                    cylinder(h = 0.1, r = pylon_rad_bottom, center = true);
                }
                translate([actual_top_side / 2, actual_top_side / 2, z_end]) {
                    cylinder(h = 0.1, r = pylon_rad_top, center = true);
                }
            }
        }
    }

    // Create horizontal and diagonal cross-beams to form the lattice structure
    // These beams are simplified into solid blocks to meet the 2mm wall thickness.
    for (j = [0 : num_grid_segments - 1]) {
        // Calculate Z-levels for current grid segment
        current_z_bottom = z_start + (z_end - z_start) * j / num_grid_segments;
        current_z_top = z_start + (z_end - z_start) * (j + 1) / num_grid_segments;

        // Calculate side widths for current grid segment using linear interpolation
        current_side_bottom = get_side_at_z(current_z_bottom, z_start, actual_base_side, z_end, actual_top_side);
        current_side_top = get_side_at_z(current_z_top, z_start, actual_base_side, z_end, actual_top_side);

        // Horizontal beams connecting adjacent legs
        for (i = [0, 90, 180, 270]) {
            rotate([0, 0, i]) {
                hull() {
                    translate([current_side_bottom / 2 - LEG_THICKNESS / 2, 0, current_z_bottom]) {
                        cube([LEG_THICKNESS, LEG_THICKNESS, LEG_THICKNESS], center = true);
                    }
                    translate([current_side_top / 2 - LEG_THICKNESS / 2, 0, current_z_top]) {
                        cube([LEG_THICKNESS, LEG_THICKNESS, LEG_THICKNESS], center = true);
                    }
                }
            }
        }

        // Diagonal beams connecting corners (for lattice effect)
        for (i = [0, 90, 180, 270]) {
            rotate([0, 0, i + 45]) { // Rotate by 45 degrees for diagonal placement
                hull() {
                    translate([current_side_bottom / 2 - LEG_THICKNESS / 2, current_side_bottom / 2 - LEG_THICKNESS / 2, current_z_bottom]) {
                        cylinder(h = LEG_THICKNESS, r = MIN_WALL_THICKNESS / 2, center = true);
                    }
                    translate([current_side_top / 2 - LEG_THICKNESS / 2, current_side_top / 2 - LEG_THICKNESS / 2, current_z_top]) {
                        cylinder(h = LEG_THICKNESS, r = MIN_WALL_THICKNESS / 2, center = true);
                    }
                }
            }
        }
    }
}

// Specific module for the lower section (ground to 1st level)
module lower_section_structure(z_start, z_end, base_width, top_width) {
    section_legs_and_lattice(
        z_start, z_end,
        base_width, top_width,
        1.0, 0.8, // Pylon base/top thickness factors
        4 // Number of grid segments for lattice
    );
}

// Module for ground level arches
module ground_level_arches(z_start, z_end, base_width, top_width) {
    arch_height = (z_end - z_start) * 0.7; // Arch height relative to section height
    arch_span = base_width - (LEG_THICKNESS * 2); // Span between the legs

    for (i = [0, 90, 180, 270]) { // Create 4 arches around the tower
        rotate([0, 0, i]) {
            difference() {
                // Solid block where the arch will be carved out
                translate([base_width / 2 - ARCH_THICKNESS / 2, 0, z_start + arch_height / 2]) {
                    cube([ARCH_THICKNESS, arch_span, arch_height], center = true);
                }
                // Subtract a larger cylinder to create the arch opening
                translate([base_width / 2 - ARCH_THICKNESS / 2, 0, z_start]) {
                    cylinder(h = ARCH_THICKNESS * 2, r = arch_height / 2, center = true);
                }
            }
        }
    }
}

// Module for middle section (1st to 2nd level)
module middle_section_structure(z_start, z_end, base_width, top_width) {
    section_legs_and_lattice(
        z_start, z_end,
        base_width, top_width,
        0.8, 0.7, // Pylon base/top thickness factors (tapering more)
        3 // Fewer grid segments as the tower narrows
    );
}

// Module for arches between levels (1st to 2nd, 2nd to 3rd)
module level_arches(z_start, z_end, base_width, top_width, arch_thickness_factor) {
    arch_height = (z_end - z_start) * 0.6;
    arch_span = base_width - (LEG_THICKNESS * 1.5); // Smaller span for upper levels
    current_arch_thickness = ARCH_THICKNESS * arch_thickness_factor;

    for (i = [0, 90, 180, 270]) {
        rotate([0, 0, i]) {
            difference() {
                translate([base_width / 2 - current_arch_thickness / 2, 0, z_start + arch_height / 2]) {
                    cube([current_arch_thickness, arch_span, arch_height], center = true);
                }
                translate([base_width / 2 - current_arch_thickness / 2, 0, z_start]) {
                    cylinder(h = current_arch_thickness * 2, r = arch_height / 2, center = true);
                }
            }
        }
    }
}

// Module for upper section (2nd to 3rd level)
module upper_section_structure(z_start, z_end, base_width, top_width) {
    // This section is typically more enclosed and less lattice-like at the very top.
    // We'll create a single hull between two square frames.
    hull() {
        translate([0, 0, z_start]) {
            cube([base_width - LEG_THICKNESS, base_width - LEG_THICKNESS, LEG_THICKNESS], center = true);
        }
        translate([0, 0, z_end]) {
            cube([top_width - LEG_THICKNESS, top_width - LEG_THICKNESS, LEG_THICKNESS], center = true);
        }
    }
}

// Module for the antenna section
module antenna_section(z_start, z_end, base_width) {
    antenna_base_height = (z_end - z_start) * 0.15; // Small base section
    antenna_mast_height = (z_end - z_start) * 0.85; // Main mast

    // Small square base structure for the antenna
    translate([0, 0, z_start + antenna_base_height / 2]) {
        cube([base_width, base_width, antenna_base_height], center = true);
    }

    // Main antenna mast
    translate([0, 0, z_start + antenna_base_height + antenna_mast_height / 2]) {
        cylinder(h = antenna_mast_height, r = MIN_WALL_THICKNESS / 2, center = true);
    }
}

// Render the complete tower.
// The whole object is translated down by half its total height to center it on Z axis.
// And it's already centered on X/Y by design.
translate([0, 0, -H_ANT / 2]) {
    eiffel_tower();
}
```

[2025-11-08 02:30:38] Código guardado. Renderizando STL...
[2025-11-08 02:31:41] OpenSCAD finalizado. Código: 0
OpenSCAD STDERR:
Could not initialize localization.
Geometries in cache: 136
Geometry cache size in bytes: 642752
CGAL Polyhedrons in cache: 41
CGAL cache size in bytes: 28067984
Total rendering time: 0:01:02.032
   Top level object is a 3D object:
   Simple:        yes
   Vertices:     3944
   Halfedges:   13248
   Edges:        6624
   Halffacets:   5332
   Facets:       2666
   Volumes:         2

[2025-11-08 02:31:41] ¡Éxito total!
